2021-12-02,15:11:08 [INFO] (app.py:app:244): Parsing config file c:\users\e080189\pycharmprojects\word_scambler\venv\lib\site-packages\tabpy\tabpy_server\app\..\common\default.conf
2021-12-02,15:11:08 [DEBUG] (app.py:app:205): Parameter port set to "9004" from default value
2021-12-02,15:11:08 [DEBUG] (app.py:app:205): Parameter server_version set to "2.4.0" from default value
2021-12-02,15:11:08 [DEBUG] (app.py:app:205): Parameter evaluate_enabled set to "True" from default value
2021-12-02,15:11:08 [DEBUG] (app.py:app:205): Parameter evaluate_timeout set to "3000" from default value
2021-12-02,15:11:08 [DEBUG] (app.py:app:205): Parameter upload_dir set to "c:\users\e080189\pycharmprojects\word_scambler\venv\lib\site-packages\tabpy\tmp\query_objects" from default value
2021-12-02,15:11:08 [DEBUG] (app.py:app:205): Parameter transfer_protocol set to "http" from default value
2021-12-02,15:11:08 [DEBUG] (app.py:app:212): Parameter certificate_file is not set
2021-12-02,15:11:08 [DEBUG] (app.py:app:212): Parameter key_file is not set
2021-12-02,15:11:08 [DEBUG] (app.py:app:205): Parameter state_file_path set to "c:\users\e080189\pycharmprojects\word_scambler\venv\lib\site-packages\tabpy\tabpy_server" from default value
2021-12-02,15:11:08 [DEBUG] (app.py:app:205): Parameter static_path set to "c:\users\e080189\pycharmprojects\word_scambler\venv\lib\site-packages\tabpy\tabpy_server\static" from default value
2021-12-02,15:11:08 [DEBUG] (app.py:app:212): Parameter TABPY_PWD_FILE is not set
2021-12-02,15:11:08 [DEBUG] (app.py:app:205): Parameter log_request_context set to "false" from default value
2021-12-02,15:11:08 [DEBUG] (app.py:app:205): Parameter max_request_size_in_mb set to "100" from default value
2021-12-02,15:11:08 [INFO] (app.py:app:436): Loading state from state file C:\Users\e080189\PycharmProjects\Word_Scambler\venv\Lib\site-packages\tabpy\tabpy_server\state.ini
2021-12-02,15:11:08 [DEBUG] (app.py:app:313): Static pages folder set to "c:\users\e080189\pycharmprojects\word_scambler\venv\lib\site-packages\tabpy\tabpy_server\static"
2021-12-02,15:11:08 [INFO] (app.py:app:332): Password file is not specified: Authentication is not enabled
2021-12-02,15:11:08 [INFO] (app.py:app:347): Call context logging is disabled
2021-12-02,15:11:08 [INFO] (app.py:app:125): Initializing TabPy...
2021-12-02,15:11:08 [DEBUG] (proactor_events.py:proactor_events:623): Using proactor: IocpProactor
2021-12-02,15:11:08 [INFO] (callbacks.py:callbacks:43): Initializing TabPy Server...
2021-12-02,15:11:08 [DEBUG] (state.py:state:613): Loading option 'None' from section [Query Objects Service Versions]...
2021-12-02,15:11:08 [DEBUG] (state.py:state:635): Returning value '[]'
2021-12-02,15:11:08 [DEBUG] (state.py:state:148): Collected endpoints: {}
2021-12-02,15:11:08 [INFO] (app.py:app:129): Done initializing TabPy.
2021-12-02,15:11:08 [DEBUG] (selector_events.py:selector_events:59): Using selector: SelectSelector
2021-12-02,15:11:08 [INFO] (app.py:app:83): Setting max request size to 104857600 bytes
2021-12-02,15:11:08 [INFO] (callbacks.py:callbacks:64): Initializing models...
2021-12-02,15:11:08 [DEBUG] (state.py:state:613): Loading option 'None' from section [Query Objects Service Versions]...
2021-12-02,15:11:08 [DEBUG] (state.py:state:635): Returning value '[]'
2021-12-02,15:11:08 [DEBUG] (state.py:state:148): Collected endpoints: {}
2021-12-02,15:11:41 [INFO] (app.py:app:244): Parsing config file c:\users\e080189\pycharmprojects\word_scambler\venv\lib\site-packages\tabpy\tabpy_server\app\..\common\default.conf
2021-12-02,15:11:41 [DEBUG] (app.py:app:205): Parameter port set to "9004" from default value
2021-12-02,15:11:41 [DEBUG] (app.py:app:205): Parameter server_version set to "2.4.0" from default value
2021-12-02,15:11:41 [DEBUG] (app.py:app:205): Parameter evaluate_enabled set to "True" from default value
2021-12-02,15:11:41 [DEBUG] (app.py:app:205): Parameter evaluate_timeout set to "3000" from default value
2021-12-02,15:11:41 [DEBUG] (app.py:app:205): Parameter upload_dir set to "c:\users\e080189\pycharmprojects\word_scambler\venv\lib\site-packages\tabpy\tmp\query_objects" from default value
2021-12-02,15:11:41 [DEBUG] (app.py:app:205): Parameter transfer_protocol set to "http" from default value
2021-12-02,15:11:41 [DEBUG] (app.py:app:212): Parameter certificate_file is not set
2021-12-02,15:11:41 [DEBUG] (app.py:app:212): Parameter key_file is not set
2021-12-02,15:11:41 [DEBUG] (app.py:app:205): Parameter state_file_path set to "c:\users\e080189\pycharmprojects\word_scambler\venv\lib\site-packages\tabpy\tabpy_server" from default value
2021-12-02,15:11:41 [DEBUG] (app.py:app:205): Parameter static_path set to "c:\users\e080189\pycharmprojects\word_scambler\venv\lib\site-packages\tabpy\tabpy_server\static" from default value
2021-12-02,15:11:41 [DEBUG] (app.py:app:212): Parameter TABPY_PWD_FILE is not set
2021-12-02,15:11:41 [DEBUG] (app.py:app:205): Parameter log_request_context set to "false" from default value
2021-12-02,15:11:41 [DEBUG] (app.py:app:205): Parameter max_request_size_in_mb set to "100" from default value
2021-12-02,15:11:41 [INFO] (app.py:app:436): Loading state from state file C:\Users\e080189\PycharmProjects\Word_Scambler\venv\Lib\site-packages\tabpy\tabpy_server\state.ini
2021-12-02,15:11:41 [DEBUG] (app.py:app:313): Static pages folder set to "c:\users\e080189\pycharmprojects\word_scambler\venv\lib\site-packages\tabpy\tabpy_server\static"
2021-12-02,15:11:41 [INFO] (app.py:app:332): Password file is not specified: Authentication is not enabled
2021-12-02,15:11:41 [INFO] (app.py:app:347): Call context logging is disabled
2021-12-02,15:11:41 [INFO] (app.py:app:125): Initializing TabPy...
2021-12-02,15:11:41 [DEBUG] (proactor_events.py:proactor_events:623): Using proactor: IocpProactor
2021-12-02,15:11:41 [INFO] (callbacks.py:callbacks:43): Initializing TabPy Server...
2021-12-02,15:11:41 [DEBUG] (state.py:state:613): Loading option 'None' from section [Query Objects Service Versions]...
2021-12-02,15:11:41 [DEBUG] (state.py:state:635): Returning value '[]'
2021-12-02,15:11:41 [DEBUG] (state.py:state:148): Collected endpoints: {}
2021-12-02,15:11:41 [INFO] (app.py:app:129): Done initializing TabPy.
2021-12-02,15:11:41 [DEBUG] (selector_events.py:selector_events:59): Using selector: SelectSelector
2021-12-02,15:11:41 [INFO] (app.py:app:83): Setting max request size to 104857600 bytes
2021-12-02,15:11:41 [INFO] (callbacks.py:callbacks:64): Initializing models...
2021-12-02,15:11:41 [DEBUG] (state.py:state:613): Loading option 'None' from section [Query Objects Service Versions]...
2021-12-02,15:11:41 [DEBUG] (state.py:state:635): Returning value '[]'
2021-12-02,15:11:41 [DEBUG] (state.py:state:148): Collected endpoints: {}
2021-12-02,15:11:41 [INFO] (app.py:app:106): Web service listening on port 9004
